-------------------------------------------------------------------------------
Test set: conduitApp.ConduitTest
-------------------------------------------------------------------------------
Tests run: 1, Failures: 1, Errors: 0, Skipped: 0, Time elapsed: 9.36 s <<< FAILURE! - in conduitApp.ConduitTest
testAll[1][1]  Time elapsed: 4.336 s  <<< FAILURE!
org.opentest4j.AssertionFailedError: 
>> classpath:conduitApp/feature/Articles.feature:25
>> karate-config.js failed
>> TypeError: invokeMember (configurer) on com.intuit.karate.core.ScenarioBridge failed due to: Unknown identifier: configurer
js failed:
>>>>
01: function fn() {
02:   var env = karate.env; // get system property 'karate.env'
03:   karate.log('karate.env system property was:', env);
04:   if (!env) {
05:     env = 'dev';
06:   }
07:   var config = {
08: 
09:     apiUrl: 'https://conduit-api.bondaracademy.com/api'
10:   }
11:   if (env == 'dev') {
12:     config.userEmail = 'lucho@test.com'
13:     config.userPassword = 'KarateLucho'
14: 
15:   } else if (env == 'qa') {
16: 
17:     config.userEmail = 'lucho2@test.com'
18:     config.userPassword = 'KarateLucho2'
19:   }
20: 
21:   var accessToken = karate.callSingle('classpath:helpers/CreateToken.feature', config).authToken
22:   karate.configurer('headers', {Authorization: 'Token '+ accessToken})
23:   return config;
24: }
<<<<
org.graalvm.polyglot.PolyglotException: TypeError: invokeMember (configurer) on com.intuit.karate.core.ScenarioBridge failed due to: Unknown identifier: configurer
- <js>.fn(Unnamed:22)

classpath:conduitApp/feature/Articles.feature:4
classpath:conduitApp/feature/Articles.feature:13
classpath:conduitApp/feature/Articles.feature:14
classpath:conduitApp/feature/Articles.feature:26
classpath:conduitApp/feature/Articles.feature:27
classpath:conduitApp/feature/Articles.feature:28
classpath:conduitApp/feature/Articles.feature:29
classpath:conduitApp/feature/Articles.feature:30
classpath:conduitApp/feature/Articles.feature:33
classpath:conduitApp/feature/Articles.feature:34
classpath:conduitApp/feature/Articles.feature:35
classpath:conduitApp/feature/Articles.feature:36
classpath:conduitApp/feature/Articles.feature:37
classpath:conduitApp/feature/Articles.feature:39
classpath:conduitApp/feature/Articles.feature:40
classpath:conduitApp/feature/Articles.feature:41
classpath:conduitApp/feature/Articles.feature:42
classpath:conduitApp/feature/Articles.feature:46
classpath:conduitApp/feature/Articles.feature:47
classpath:conduitApp/feature/Articles.feature:48
classpath:conduitApp/feature/Articles.feature:50
classpath:conduitApp/feature/Articles.feature:51
classpath:conduitApp/feature/Articles.feature:52
classpath:conduitApp/feature/Articles.feature:53
classpath:conduitApp/feature/Articles.feature:54

