<?xml version="1.0" encoding="UTF-8"?>
<testsuite xmlns:xsi="http://www.w3.org/2001/XMLSchema-instance" xsi:noNamespaceSchemaLocation="https://maven.apache.org/surefire/maven-surefire-plugin/xsd/surefire-test-report.xsd" name="conduitApp.ConduitTest" time="9.36" tests="1" errors="0" skipped="0" failures="1">
  <properties>
[...]
</properties>
  <testcase name="testAll[1][1]" classname="conduitApp.ConduitTest" time="4.336">
    <failure message="&gt;&gt; classpath:conduitApp/feature/Articles.feature:25&#10;&gt;&gt; karate-config.js failed&#10;&gt;&gt; TypeError: invokeMember (configurer) on com.intuit.karate.core.ScenarioBridge failed due to: Unknown identifier: configurer&#10;js failed:&#10;&gt;&gt;&gt;&gt;&#10;01: function fn() {&#10;02:   var env = karate.env; // get system property &apos;karate.env&apos;&#10;03:   karate.log(&apos;karate.env system property was:&apos;, env);&#10;04:   if (!env) {&#10;05:     env = &apos;dev&apos;;&#10;06:   }&#10;07:   var config = {&#10;08: &#10;09:     apiUrl: &apos;https://conduit-api.bondaracademy.com/api&apos;&#10;10:   }&#10;11:   if (env == &apos;dev&apos;) {&#10;12:     config.userEmail = &apos;lucho@test.com&apos;&#10;13:     config.userPassword = &apos;KarateLucho&apos;&#10;14: &#10;15:   } else if (env == &apos;qa&apos;) {&#10;16: &#10;17:     config.userEmail = &apos;lucho2@test.com&apos;&#10;18:     config.userPassword = &apos;KarateLucho2&apos;&#10;19:   }&#10;20: &#10;21:   var accessToken = karate.callSingle(&apos;classpath:helpers/CreateToken.feature&apos;, config).authToken&#10;22:   karate.configurer(&apos;headers&apos;, {Authorization: &apos;Token &apos;+ accessToken})&#10;23:   return config;&#10;24: }&#10;&lt;&lt;&lt;&lt;&#10;org.graalvm.polyglot.PolyglotException: TypeError: invokeMember (configurer) on com.intuit.karate.core.ScenarioBridge failed due to: Unknown identifier: configurer&#10;- &lt;js&gt;.fn(Unnamed:22)&#10;&#10;classpath:conduitApp/feature/Articles.feature:4&#10;classpath:conduitApp/feature/Articles.feature:13&#10;classpath:conduitApp/feature/Articles.feature:14&#10;classpath:conduitApp/feature/Articles.feature:26&#10;classpath:conduitApp/feature/Articles.feature:27&#10;classpath:conduitApp/feature/Articles.feature:28&#10;classpath:conduitApp/feature/Articles.feature:29&#10;classpath:conduitApp/feature/Articles.feature:30&#10;classpath:conduitApp/feature/Articles.feature:33&#10;classpath:conduitApp/feature/Articles.feature:34&#10;classpath:conduitApp/feature/Articles.feature:35&#10;classpath:conduitApp/feature/Articles.feature:36&#10;classpath:conduitApp/feature/Articles.feature:37&#10;classpath:conduitApp/feature/Articles.feature:39&#10;classpath:conduitApp/feature/Articles.feature:40&#10;classpath:conduitApp/feature/Articles.feature:41&#10;classpath:conduitApp/feature/Articles.feature:42&#10;classpath:conduitApp/feature/Articles.feature:46&#10;classpath:conduitApp/feature/Articles.feature:47&#10;classpath:conduitApp/feature/Articles.feature:48&#10;classpath:conduitApp/feature/Articles.feature:50&#10;classpath:conduitApp/feature/Articles.feature:51&#10;classpath:conduitApp/feature/Articles.feature:52&#10;classpath:conduitApp/feature/Articles.feature:53&#10;classpath:conduitApp/feature/Articles.feature:54" type="org.opentest4j.AssertionFailedError"><![CDATA[org.opentest4j.AssertionFailedError: 
>> classpath:conduitApp/feature/Articles.feature:25
>> karate-config.js failed
>> TypeError: invokeMember (configurer) on com.intuit.karate.core.ScenarioBridge failed due to: Unknown identifier: configurer
js failed:
>>>>
01: function fn() {
02:   var env = karate.env; // get system property 'karate.env'
03:   karate.log('karate.env system property was:', env);
04:   if (!env) {
05:     env = 'dev';
06:   }
07:   var config = {
08: 
09:     apiUrl: 'https://conduit-api.bondaracademy.com/api'
10:   }
11:   if (env == 'dev') {
12:     config.userEmail = 'lucho@test.com'
13:     config.userPassword = 'KarateLucho'
14: 
15:   } else if (env == 'qa') {
16: 
17:     config.userEmail = 'lucho2@test.com'
18:     config.userPassword = 'KarateLucho2'
19:   }
20: 
21:   var accessToken = karate.callSingle('classpath:helpers/CreateToken.feature', config).authToken
22:   karate.configurer('headers', {Authorization: 'Token '+ accessToken})
23:   return config;
24: }
<<<<
org.graalvm.polyglot.PolyglotException: TypeError: invokeMember (configurer) on com.intuit.karate.core.ScenarioBridge failed due to: Unknown identifier: configurer
- <js>.fn(Unnamed:22)

classpath:conduitApp/feature/Articles.feature:4
classpath:conduitApp/feature/Articles.feature:13
classpath:conduitApp/feature/Articles.feature:14
classpath:conduitApp/feature/Articles.feature:26
classpath:conduitApp/feature/Articles.feature:27
classpath:conduitApp/feature/Articles.feature:28
classpath:conduitApp/feature/Articles.feature:29
classpath:conduitApp/feature/Articles.feature:30
classpath:conduitApp/feature/Articles.feature:33
classpath:conduitApp/feature/Articles.feature:34
classpath:conduitApp/feature/Articles.feature:35
classpath:conduitApp/feature/Articles.feature:36
classpath:conduitApp/feature/Articles.feature:37
classpath:conduitApp/feature/Articles.feature:39
classpath:conduitApp/feature/Articles.feature:40
classpath:conduitApp/feature/Articles.feature:41
classpath:conduitApp/feature/Articles.feature:42
classpath:conduitApp/feature/Articles.feature:46
classpath:conduitApp/feature/Articles.feature:47
classpath:conduitApp/feature/Articles.feature:48
classpath:conduitApp/feature/Articles.feature:50
classpath:conduitApp/feature/Articles.feature:51
classpath:conduitApp/feature/Articles.feature:52
classpath:conduitApp/feature/Articles.feature:53
classpath:conduitApp/feature/Articles.feature:54
]]></failure>
    <system-out><![CDATA[16:30:09.161 [main] INFO  com.intuit.karate.Runner - using system property 'karate.options': --tags @debug
16:30:10.281 [main] DEBUG com.intuit.karate.Suite - [config] classpath:karate-config.js
16:30:12.666 [main] INFO  com.intuit.karate - karate.env system property was: null 
16:30:12.682 [main] INFO  com.intuit.karate - >> lock acquired, begin callSingle: classpath:helpers/CreateToken.feature
16:30:13.601 [main] DEBUG com.intuit.karate - request:
1 > POST https://conduit-api.bondaracademy.com/api/users/login
1 > Content-Type: application/json; charset=UTF-8
1 > Content-Length: 60
1 > Host: conduit-api.bondaracademy.com
1 > Connection: Keep-Alive
1 > User-Agent: Apache-HttpClient/4.5.14 (Java/21.0.2)
1 > Accept-Encoding: gzip,deflate
{"user":{"email":"lucho@test.com","password":"KarateLucho"}}

16:30:14.812 [main] DEBUG com.intuit.karate - response time in milliseconds: 1204
1 < 200
1 < x-powered-by: Express
1 < access-control-allow-origin: https://conduit.bondaracademy.com
1 < vary: Origin
1 < content-type: application/json; charset=utf-8
1 < etag: W/"126-faOwplSd4myNFW9zl9et3+oKtTM"
1 < X-Cloud-Trace-Context: 16618eb4f427c7e8ab163346dec1aaec;o=1
1 < Date: Fri, 16 Feb 2024 19:30:14 GMT
1 < Server: Google Frontend
1 < Content-Length: 294
{"user":{"email":"lucho@test.com","username":"KarateLucho","bio":null,"image":"https://api.realworld.io/images/smiley-cyrus.jpeg","token":"eyJhbGciOiJIUzI1NiIsInR5cCI6IkpXVCJ9.eyJ1c2VyIjp7ImlkIjozNDN9LCJpYXQiOjE3MDgxMTE4MTQsImV4cCI6MTcxMzI5NTgxNH0.-xISOm9773HTBj4dgblN_YNtgfEX3HomopIWN2GzUw4"}}

16:30:14.839 [main] INFO  com.intuit.karate - << lock released, cached callSingle: classpath:helpers/CreateToken.feature
16:30:14.903 [main] ERROR com.intuit.karate - classpath:conduitApp/feature/Articles.feature:4
Given url apiUrl
>> classpath:conduitApp/feature/Articles.feature:25
>> karate-config.js failed
>> TypeError: invokeMember (configurer) on com.intuit.karate.core.ScenarioBridge failed due to: Unknown identifier: configurer
js failed:
>>>>
01: function fn() {
02:   var env = karate.env; // get system property 'karate.env'
03:   karate.log('karate.env system property was:', env);
04:   if (!env) {
05:     env = 'dev';
06:   }
07:   var config = {
08: 
09:     apiUrl: 'https://conduit-api.bondaracademy.com/api'
10:   }
11:   if (env == 'dev') {
12:     config.userEmail = 'lucho@test.com'
13:     config.userPassword = 'KarateLucho'
14: 
15:   } else if (env == 'qa') {
16: 
17:     config.userEmail = 'lucho2@test.com'
18:     config.userPassword = 'KarateLucho2'
19:   }
20: 
21:   var accessToken = karate.callSingle('classpath:helpers/CreateToken.feature', config).authToken
22:   karate.configurer('headers', {Authorization: 'Token '+ accessToken})
23:   return config;
24: }
<<<<
org.graalvm.polyglot.PolyglotException: TypeError: invokeMember (configurer) on com.intuit.karate.core.ScenarioBridge failed due to: Unknown identifier: configurer
- <js>.fn(Unnamed:22)

classpath:conduitApp/feature/Articles.feature:4
16:30:14.904 [main] ERROR com.intuit.karate - classpath:conduitApp/feature/Articles.feature:13
* def tokenResponse = callonce read('classpath:helpers/CreateToken.feature')
>> classpath:conduitApp/feature/Articles.feature:25
>> karate-config.js failed
>> TypeError: invokeMember (configurer) on com.intuit.karate.core.ScenarioBridge failed due to: Unknown identifier: configurer
js failed:
>>>>
01: function fn() {
02:   var env = karate.env; // get system property 'karate.env'
03:   karate.log('karate.env system property was:', env);
04:   if (!env) {
05:     env = 'dev';
06:   }
07:   var config = {
08: 
09:     apiUrl: 'https://conduit-api.bondaracademy.com/api'
10:   }
11:   if (env == 'dev') {
12:     config.userEmail = 'lucho@test.com'
13:     config.userPassword = 'KarateLucho'
14: 
15:   } else if (env == 'qa') {
16: 
17:     config.userEmail = 'lucho2@test.com'
18:     config.userPassword = 'KarateLucho2'
19:   }
20: 
21:   var accessToken = karate.callSingle('classpath:helpers/CreateToken.feature', config).authToken
22:   karate.configurer('headers', {Authorization: 'Token '+ accessToken})
23:   return config;
24: }
<<<<
org.graalvm.polyglot.PolyglotException: TypeError: invokeMember (configurer) on com.intuit.karate.core.ScenarioBridge failed due to: Unknown identifier: configurer
- <js>.fn(Unnamed:22)

classpath:conduitApp/feature/Articles.feature:4
classpath:conduitApp/feature/Articles.feature:13
16:30:14.904 [main] ERROR com.intuit.karate - classpath:conduitApp/feature/Articles.feature:14
* def token = tokenResponse.authToken
>> classpath:conduitApp/feature/Articles.feature:25
>> karate-config.js failed
>> TypeError: invokeMember (configurer) on com.intuit.karate.core.ScenarioBridge failed due to: Unknown identifier: configurer
js failed:
>>>>
01: function fn() {
02:   var env = karate.env; // get system property 'karate.env'
03:   karate.log('karate.env system property was:', env);
04:   if (!env) {
05:     env = 'dev';
06:   }
07:   var config = {
08: 
09:     apiUrl: 'https://conduit-api.bondaracademy.com/api'
10:   }
11:   if (env == 'dev') {
12:     config.userEmail = 'lucho@test.com'
13:     config.userPassword = 'KarateLucho'
14: 
15:   } else if (env == 'qa') {
16: 
17:     config.userEmail = 'lucho2@test.com'
18:     config.userPassword = 'KarateLucho2'
19:   }
20: 
21:   var accessToken = karate.callSingle('classpath:helpers/CreateToken.feature', config).authToken
22:   karate.configurer('headers', {Authorization: 'Token '+ accessToken})
23:   return config;
24: }
<<<<
org.graalvm.polyglot.PolyglotException: TypeError: invokeMember (configurer) on com.intuit.karate.core.ScenarioBridge failed due to: Unknown identifier: configurer
- <js>.fn(Unnamed:22)

classpath:conduitApp/feature/Articles.feature:4
classpath:conduitApp/feature/Articles.feature:13
classpath:conduitApp/feature/Articles.feature:14
16:30:14.905 [main] ERROR com.intuit.karate - classpath:conduitApp/feature/Articles.feature:26
Given path "users/login"
>> classpath:conduitApp/feature/Articles.feature:25
>> karate-config.js failed
>> TypeError: invokeMember (configurer) on com.intuit.karate.core.ScenarioBridge failed due to: Unknown identifier: configurer
js failed:
>>>>
01: function fn() {
02:   var env = karate.env; // get system property 'karate.env'
03:   karate.log('karate.env system property was:', env);
04:   if (!env) {
05:     env = 'dev';
06:   }
07:   var config = {
08: 
09:     apiUrl: 'https://conduit-api.bondaracademy.com/api'
10:   }
11:   if (env == 'dev') {
12:     config.userEmail = 'lucho@test.com'
13:     config.userPassword = 'KarateLucho'
14: 
15:   } else if (env == 'qa') {
16: 
17:     config.userEmail = 'lucho2@test.com'
18:     config.userPassword = 'KarateLucho2'
19:   }
20: 
21:   var accessToken = karate.callSingle('classpath:helpers/CreateToken.feature', config).authToken
22:   karate.configurer('headers', {Authorization: 'Token '+ accessToken})
23:   return config;
24: }
<<<<
org.graalvm.polyglot.PolyglotException: TypeError: invokeMember (configurer) on com.intuit.karate.core.ScenarioBridge failed due to: Unknown identifier: configurer
- <js>.fn(Unnamed:22)

classpath:conduitApp/feature/Articles.feature:4
classpath:conduitApp/feature/Articles.feature:13
classpath:conduitApp/feature/Articles.feature:14
classpath:conduitApp/feature/Articles.feature:26
16:30:14.905 [main] ERROR com.intuit.karate - classpath:conduitApp/feature/Articles.feature:27
And request {"user": {"email": "lucho@test.com", "password": "KarateLucho"}}
>> classpath:conduitApp/feature/Articles.feature:25
>> karate-config.js failed
>> TypeError: invokeMember (configurer) on com.intuit.karate.core.ScenarioBridge failed due to: Unknown identifier: configurer
js failed:
>>>>
01: function fn() {
02:   var env = karate.env; // get system property 'karate.env'
03:   karate.log('karate.env system property was:', env);
04:   if (!env) {
05:     env = 'dev';
06:   }
07:   var config = {
08: 
09:     apiUrl: 'https://conduit-api.bondaracademy.com/api'
10:   }
11:   if (env == 'dev') {
12:     config.userEmail = 'lucho@test.com'
13:     config.userPassword = 'KarateLucho'
14: 
15:   } else if (env == 'qa') {
16: 
17:     config.userEmail = 'lucho2@test.com'
18:     config.userPassword = 'KarateLucho2'
19:   }
20: 
21:   var accessToken = karate.callSingle('classpath:helpers/CreateToken.feature', config).authToken
22:   karate.configurer('headers', {Authorization: 'Token '+ accessToken})
23:   return config;
24: }
<<<<
org.graalvm.polyglot.PolyglotException: TypeError: invokeMember (configurer) on com.intuit.karate.core.ScenarioBridge failed due to: Unknown identifier: configurer
- <js>.fn(Unnamed:22)

classpath:conduitApp/feature/Articles.feature:4
classpath:conduitApp/feature/Articles.feature:13
classpath:conduitApp/feature/Articles.feature:14
classpath:conduitApp/feature/Articles.feature:26
classpath:conduitApp/feature/Articles.feature:27
16:30:14.906 [main] ERROR com.intuit.karate - classpath:conduitApp/feature/Articles.feature:28
When method Post
>> classpath:conduitApp/feature/Articles.feature:25
>> karate-config.js failed
>> TypeError: invokeMember (configurer) on com.intuit.karate.core.ScenarioBridge failed due to: Unknown identifier: configurer
js failed:
>>>>
01: function fn() {
02:   var env = karate.env; // get system property 'karate.env'
03:   karate.log('karate.env system property was:', env);
04:   if (!env) {
05:     env = 'dev';
06:   }
07:   var config = {
08: 
09:     apiUrl: 'https://conduit-api.bondaracademy.com/api'
10:   }
11:   if (env == 'dev') {
12:     config.userEmail = 'lucho@test.com'
13:     config.userPassword = 'KarateLucho'
14: 
15:   } else if (env == 'qa') {
16: 
17:     config.userEmail = 'lucho2@test.com'
18:     config.userPassword = 'KarateLucho2'
19:   }
20: 
21:   var accessToken = karate.callSingle('classpath:helpers/CreateToken.feature', config).authToken
22:   karate.configurer('headers', {Authorization: 'Token '+ accessToken})
23:   return config;
24: }
<<<<
org.graalvm.polyglot.PolyglotException: TypeError: invokeMember (configurer) on com.intuit.karate.core.ScenarioBridge failed due to: Unknown identifier: configurer
- <js>.fn(Unnamed:22)

classpath:conduitApp/feature/Articles.feature:4
classpath:conduitApp/feature/Articles.feature:13
classpath:conduitApp/feature/Articles.feature:14
classpath:conduitApp/feature/Articles.feature:26
classpath:conduitApp/feature/Articles.feature:27
classpath:conduitApp/feature/Articles.feature:28
16:30:14.908 [main] ERROR com.intuit.karate - classpath:conduitApp/feature/Articles.feature:29
Then status 200
>> classpath:conduitApp/feature/Articles.feature:25
>> karate-config.js failed
>> TypeError: invokeMember (configurer) on com.intuit.karate.core.ScenarioBridge failed due to: Unknown identifier: configurer
js failed:
>>>>
01: function fn() {
02:   var env = karate.env; // get system property 'karate.env'
03:   karate.log('karate.env system property was:', env);
04:   if (!env) {
05:     env = 'dev';
06:   }
07:   var config = {
08: 
09:     apiUrl: 'https://conduit-api.bondaracademy.com/api'
10:   }
11:   if (env == 'dev') {
12:     config.userEmail = 'lucho@test.com'
13:     config.userPassword = 'KarateLucho'
14: 
15:   } else if (env == 'qa') {
16: 
17:     config.userEmail = 'lucho2@test.com'
18:     config.userPassword = 'KarateLucho2'
19:   }
20: 
21:   var accessToken = karate.callSingle('classpath:helpers/CreateToken.feature', config).authToken
22:   karate.configurer('headers', {Authorization: 'Token '+ accessToken})
23:   return config;
24: }
<<<<
org.graalvm.polyglot.PolyglotException: TypeError: invokeMember (configurer) on com.intuit.karate.core.ScenarioBridge failed due to: Unknown identifier: configurer
- <js>.fn(Unnamed:22)

classpath:conduitApp/feature/Articles.feature:4
classpath:conduitApp/feature/Articles.feature:13
classpath:conduitApp/feature/Articles.feature:14
classpath:conduitApp/feature/Articles.feature:26
classpath:conduitApp/feature/Articles.feature:27
classpath:conduitApp/feature/Articles.feature:28
classpath:conduitApp/feature/Articles.feature:29
16:30:14.915 [main] ERROR com.intuit.karate - classpath:conduitApp/feature/Articles.feature:30
* def token = response.user.token
>> classpath:conduitApp/feature/Articles.feature:25
>> karate-config.js failed
>> TypeError: invokeMember (configurer) on com.intuit.karate.core.ScenarioBridge failed due to: Unknown identifier: configurer
js failed:
>>>>
01: function fn() {
02:   var env = karate.env; // get system property 'karate.env'
03:   karate.log('karate.env system property was:', env);
04:   if (!env) {
05:     env = 'dev';
06:   }
07:   var config = {
08: 
09:     apiUrl: 'https://conduit-api.bondaracademy.com/api'
10:   }
11:   if (env == 'dev') {
12:     config.userEmail = 'lucho@test.com'
13:     config.userPassword = 'KarateLucho'
14: 
15:   } else if (env == 'qa') {
16: 
17:     config.userEmail = 'lucho2@test.com'
18:     config.userPassword = 'KarateLucho2'
19:   }
20: 
21:   var accessToken = karate.callSingle('classpath:helpers/CreateToken.feature', config).authToken
22:   karate.configurer('headers', {Authorization: 'Token '+ accessToken})
23:   return config;
24: }
<<<<
org.graalvm.polyglot.PolyglotException: TypeError: invokeMember (configurer) on com.intuit.karate.core.ScenarioBridge failed due to: Unknown identifier: configurer
- <js>.fn(Unnamed:22)

classpath:conduitApp/feature/Articles.feature:4
classpath:conduitApp/feature/Articles.feature:13
classpath:conduitApp/feature/Articles.feature:14
classpath:conduitApp/feature/Articles.feature:26
classpath:conduitApp/feature/Articles.feature:27
classpath:conduitApp/feature/Articles.feature:28
classpath:conduitApp/feature/Articles.feature:29
classpath:conduitApp/feature/Articles.feature:30
16:30:14.918 [main] ERROR com.intuit.karate - classpath:conduitApp/feature/Articles.feature:33
Given path 'articles'
>> classpath:conduitApp/feature/Articles.feature:25
>> karate-config.js failed
>> TypeError: invokeMember (configurer) on com.intuit.karate.core.ScenarioBridge failed due to: Unknown identifier: configurer
js failed:
>>>>
01: function fn() {
02:   var env = karate.env; // get system property 'karate.env'
03:   karate.log('karate.env system property was:', env);
04:   if (!env) {
05:     env = 'dev';
06:   }
07:   var config = {
08: 
09:     apiUrl: 'https://conduit-api.bondaracademy.com/api'
10:   }
11:   if (env == 'dev') {
12:     config.userEmail = 'lucho@test.com'
13:     config.userPassword = 'KarateLucho'
14: 
15:   } else if (env == 'qa') {
16: 
17:     config.userEmail = 'lucho2@test.com'
18:     config.userPassword = 'KarateLucho2'
19:   }
20: 
21:   var accessToken = karate.callSingle('classpath:helpers/CreateToken.feature', config).authToken
22:   karate.configurer('headers', {Authorization: 'Token '+ accessToken})
23:   return config;
24: }
<<<<
org.graalvm.polyglot.PolyglotException: TypeError: invokeMember (configurer) on com.intuit.karate.core.ScenarioBridge failed due to: Unknown identifier: configurer
- <js>.fn(Unnamed:22)

classpath:conduitApp/feature/Articles.feature:4
classpath:conduitApp/feature/Articles.feature:13
classpath:conduitApp/feature/Articles.feature:14
classpath:conduitApp/feature/Articles.feature:26
classpath:conduitApp/feature/Articles.feature:27
classpath:conduitApp/feature/Articles.feature:28
classpath:conduitApp/feature/Articles.feature:29
classpath:conduitApp/feature/Articles.feature:30
classpath:conduitApp/feature/Articles.feature:33
16:30:14.933 [main] ERROR com.intuit.karate - classpath:conduitApp/feature/Articles.feature:34
And request {"article":{"title": "Delete Article", "description": "bla bla", "body": "2", "tagList": []}}
>> classpath:conduitApp/feature/Articles.feature:25
>> karate-config.js failed
>> TypeError: invokeMember (configurer) on com.intuit.karate.core.ScenarioBridge failed due to: Unknown identifier: configurer
js failed:
>>>>
01: function fn() {
02:   var env = karate.env; // get system property 'karate.env'
03:   karate.log('karate.env system property was:', env);
04:   if (!env) {
05:     env = 'dev';
06:   }
07:   var config = {
08: 
09:     apiUrl: 'https://conduit-api.bondaracademy.com/api'
10:   }
11:   if (env == 'dev') {
12:     config.userEmail = 'lucho@test.com'
13:     config.userPassword = 'KarateLucho'
14: 
15:   } else if (env == 'qa') {
16: 
17:     config.userEmail = 'lucho2@test.com'
18:     config.userPassword = 'KarateLucho2'
19:   }
20: 
21:   var accessToken = karate.callSingle('classpath:helpers/CreateToken.feature', config).authToken
22:   karate.configurer('headers', {Authorization: 'Token '+ accessToken})
23:   return config;
24: }
<<<<
org.graalvm.polyglot.PolyglotException: TypeError: invokeMember (configurer) on com.intuit.karate.core.ScenarioBridge failed due to: Unknown identifier: configurer
- <js>.fn(Unnamed:22)

classpath:conduitApp/feature/Articles.feature:4
classpath:conduitApp/feature/Articles.feature:13
classpath:conduitApp/feature/Articles.feature:14
classpath:conduitApp/feature/Articles.feature:26
classpath:conduitApp/feature/Articles.feature:27
classpath:conduitApp/feature/Articles.feature:28
classpath:conduitApp/feature/Articles.feature:29
classpath:conduitApp/feature/Articles.feature:30
classpath:conduitApp/feature/Articles.feature:33
classpath:conduitApp/feature/Articles.feature:34
16:30:14.935 [main] ERROR com.intuit.karate - classpath:conduitApp/feature/Articles.feature:35
When method Post
>> classpath:conduitApp/feature/Articles.feature:25
>> karate-config.js failed
>> TypeError: invokeMember (configurer) on com.intuit.karate.core.ScenarioBridge failed due to: Unknown identifier: configurer
js failed:
>>>>
01: function fn() {
02:   var env = karate.env; // get system property 'karate.env'
03:   karate.log('karate.env system property was:', env);
04:   if (!env) {
05:     env = 'dev';
06:   }
07:   var config = {
08: 
09:     apiUrl: 'https://conduit-api.bondaracademy.com/api'
10:   }
11:   if (env == 'dev') {
12:     config.userEmail = 'lucho@test.com'
13:     config.userPassword = 'KarateLucho'
14: 
15:   } else if (env == 'qa') {
16: 
17:     config.userEmail = 'lucho2@test.com'
18:     config.userPassword = 'KarateLucho2'
19:   }
20: 
21:   var accessToken = karate.callSingle('classpath:helpers/CreateToken.feature', config).authToken
22:   karate.configurer('headers', {Authorization: 'Token '+ accessToken})
23:   return config;
24: }
<<<<
org.graalvm.polyglot.PolyglotException: TypeError: invokeMember (configurer) on com.intuit.karate.core.ScenarioBridge failed due to: Unknown identifier: configurer
- <js>.fn(Unnamed:22)

classpath:conduitApp/feature/Articles.feature:4
classpath:conduitApp/feature/Articles.feature:13
classpath:conduitApp/feature/Articles.feature:14
classpath:conduitApp/feature/Articles.feature:26
classpath:conduitApp/feature/Articles.feature:27
classpath:conduitApp/feature/Articles.feature:28
classpath:conduitApp/feature/Articles.feature:29
classpath:conduitApp/feature/Articles.feature:30
classpath:conduitApp/feature/Articles.feature:33
classpath:conduitApp/feature/Articles.feature:34
classpath:conduitApp/feature/Articles.feature:35
16:30:14.937 [main] ERROR com.intuit.karate - classpath:conduitApp/feature/Articles.feature:36
Then status 201
>> classpath:conduitApp/feature/Articles.feature:25
>> karate-config.js failed
>> TypeError: invokeMember (configurer) on com.intuit.karate.core.ScenarioBridge failed due to: Unknown identifier: configurer
js failed:
>>>>
01: function fn() {
02:   var env = karate.env; // get system property 'karate.env'
03:   karate.log('karate.env system property was:', env);
04:   if (!env) {
05:     env = 'dev';
06:   }
07:   var config = {
08: 
09:     apiUrl: 'https://conduit-api.bondaracademy.com/api'
10:   }
11:   if (env == 'dev') {
12:     config.userEmail = 'lucho@test.com'
13:     config.userPassword = 'KarateLucho'
14: 
15:   } else if (env == 'qa') {
16: 
17:     config.userEmail = 'lucho2@test.com'
18:     config.userPassword = 'KarateLucho2'
19:   }
20: 
21:   var accessToken = karate.callSingle('classpath:helpers/CreateToken.feature', config).authToken
22:   karate.configurer('headers', {Authorization: 'Token '+ accessToken})
23:   return config;
24: }
<<<<
org.graalvm.polyglot.PolyglotException: TypeError: invokeMember (configurer) on com.intuit.karate.core.ScenarioBridge failed due to: Unknown identifier: configurer
- <js>.fn(Unnamed:22)

classpath:conduitApp/feature/Articles.feature:4
classpath:conduitApp/feature/Articles.feature:13
classpath:conduitApp/feature/Articles.feature:14
classpath:conduitApp/feature/Articles.feature:26
classpath:conduitApp/feature/Articles.feature:27
classpath:conduitApp/feature/Articles.feature:28
classpath:conduitApp/feature/Articles.feature:29
classpath:conduitApp/feature/Articles.feature:30
classpath:conduitApp/feature/Articles.feature:33
classpath:conduitApp/feature/Articles.feature:34
classpath:conduitApp/feature/Articles.feature:35
classpath:conduitApp/feature/Articles.feature:36
16:30:14.940 [main] ERROR com.intuit.karate - classpath:conduitApp/feature/Articles.feature:37
* def articleId = response.article.slug
>> classpath:conduitApp/feature/Articles.feature:25
>> karate-config.js failed
>> TypeError: invokeMember (configurer) on com.intuit.karate.core.ScenarioBridge failed due to: Unknown identifier: configurer
js failed:
>>>>
01: function fn() {
02:   var env = karate.env; // get system property 'karate.env'
03:   karate.log('karate.env system property was:', env);
04:   if (!env) {
05:     env = 'dev';
06:   }
07:   var config = {
08: 
09:     apiUrl: 'https://conduit-api.bondaracademy.com/api'
10:   }
11:   if (env == 'dev') {
12:     config.userEmail = 'lucho@test.com'
13:     config.userPassword = 'KarateLucho'
14: 
15:   } else if (env == 'qa') {
16: 
17:     config.userEmail = 'lucho2@test.com'
18:     config.userPassword = 'KarateLucho2'
19:   }
20: 
21:   var accessToken = karate.callSingle('classpath:helpers/CreateToken.feature', config).authToken
22:   karate.configurer('headers', {Authorization: 'Token '+ accessToken})
23:   return config;
24: }
<<<<
org.graalvm.polyglot.PolyglotException: TypeError: invokeMember (configurer) on com.intuit.karate.core.ScenarioBridge failed due to: Unknown identifier: configurer
- <js>.fn(Unnamed:22)

classpath:conduitApp/feature/Articles.feature:4
classpath:conduitApp/feature/Articles.feature:13
classpath:conduitApp/feature/Articles.feature:14
classpath:conduitApp/feature/Articles.feature:26
classpath:conduitApp/feature/Articles.feature:27
classpath:conduitApp/feature/Articles.feature:28
classpath:conduitApp/feature/Articles.feature:29
classpath:conduitApp/feature/Articles.feature:30
classpath:conduitApp/feature/Articles.feature:33
classpath:conduitApp/feature/Articles.feature:34
classpath:conduitApp/feature/Articles.feature:35
classpath:conduitApp/feature/Articles.feature:36
classpath:conduitApp/feature/Articles.feature:37
16:30:14.941 [main] ERROR com.intuit.karate - classpath:conduitApp/feature/Articles.feature:39
Given params {limit: 10, offset: 0}
>> classpath:conduitApp/feature/Articles.feature:25
>> karate-config.js failed
>> TypeError: invokeMember (configurer) on com.intuit.karate.core.ScenarioBridge failed due to: Unknown identifier: configurer
js failed:
>>>>
01: function fn() {
02:   var env = karate.env; // get system property 'karate.env'
03:   karate.log('karate.env system property was:', env);
04:   if (!env) {
05:     env = 'dev';
06:   }
07:   var config = {
08: 
09:     apiUrl: 'https://conduit-api.bondaracademy.com/api'
10:   }
11:   if (env == 'dev') {
12:     config.userEmail = 'lucho@test.com'
13:     config.userPassword = 'KarateLucho'
14: 
15:   } else if (env == 'qa') {
16: 
17:     config.userEmail = 'lucho2@test.com'
18:     config.userPassword = 'KarateLucho2'
19:   }
20: 
21:   var accessToken = karate.callSingle('classpath:helpers/CreateToken.feature', config).authToken
22:   karate.configurer('headers', {Authorization: 'Token '+ accessToken})
23:   return config;
24: }
<<<<
org.graalvm.polyglot.PolyglotException: TypeError: invokeMember (configurer) on com.intuit.karate.core.ScenarioBridge failed due to: Unknown identifier: configurer
- <js>.fn(Unnamed:22)

classpath:conduitApp/feature/Articles.feature:4
classpath:conduitApp/feature/Articles.feature:13
classpath:conduitApp/feature/Articles.feature:14
classpath:conduitApp/feature/Articles.feature:26
classpath:conduitApp/feature/Articles.feature:27
classpath:conduitApp/feature/Articles.feature:28
classpath:conduitApp/feature/Articles.feature:29
classpath:conduitApp/feature/Articles.feature:30
classpath:conduitApp/feature/Articles.feature:33
classpath:conduitApp/feature/Articles.feature:34
classpath:conduitApp/feature/Articles.feature:35
classpath:conduitApp/feature/Articles.feature:36
classpath:conduitApp/feature/Articles.feature:37
classpath:conduitApp/feature/Articles.feature:39
16:30:14.951 [main] ERROR com.intuit.karate - classpath:conduitApp/feature/Articles.feature:40
Given path 'articles'
>> classpath:conduitApp/feature/Articles.feature:25
>> karate-config.js failed
>> TypeError: invokeMember (configurer) on com.intuit.karate.core.ScenarioBridge failed due to: Unknown identifier: configurer
js failed:
>>>>
01: function fn() {
02:   var env = karate.env; // get system property 'karate.env'
03:   karate.log('karate.env system property was:', env);
04:   if (!env) {
05:     env = 'dev';
06:   }
07:   var config = {
08: 
09:     apiUrl: 'https://conduit-api.bondaracademy.com/api'
10:   }
11:   if (env == 'dev') {
12:     config.userEmail = 'lucho@test.com'
13:     config.userPassword = 'KarateLucho'
14: 
15:   } else if (env == 'qa') {
16: 
17:     config.userEmail = 'lucho2@test.com'
18:     config.userPassword = 'KarateLucho2'
19:   }
20: 
21:   var accessToken = karate.callSingle('classpath:helpers/CreateToken.feature', config).authToken
22:   karate.configurer('headers', {Authorization: 'Token '+ accessToken})
23:   return config;
24: }
<<<<
org.graalvm.polyglot.PolyglotException: TypeError: invokeMember (configurer) on com.intuit.karate.core.ScenarioBridge failed due to: Unknown identifier: configurer
- <js>.fn(Unnamed:22)

classpath:conduitApp/feature/Articles.feature:4
classpath:conduitApp/feature/Articles.feature:13
classpath:conduitApp/feature/Articles.feature:14
classpath:conduitApp/feature/Articles.feature:26
classpath:conduitApp/feature/Articles.feature:27
classpath:conduitApp/feature/Articles.feature:28
classpath:conduitApp/feature/Articles.feature:29
classpath:conduitApp/feature/Articles.feature:30
classpath:conduitApp/feature/Articles.feature:33
classpath:conduitApp/feature/Articles.feature:34
classpath:conduitApp/feature/Articles.feature:35
classpath:conduitApp/feature/Articles.feature:36
classpath:conduitApp/feature/Articles.feature:37
classpath:conduitApp/feature/Articles.feature:39
classpath:conduitApp/feature/Articles.feature:40
16:30:14.953 [main] ERROR com.intuit.karate - classpath:conduitApp/feature/Articles.feature:41
When method Get
>> classpath:conduitApp/feature/Articles.feature:25
>> karate-config.js failed
>> TypeError: invokeMember (configurer) on com.intuit.karate.core.ScenarioBridge failed due to: Unknown identifier: configurer
js failed:
>>>>
01: function fn() {
02:   var env = karate.env; // get system property 'karate.env'
03:   karate.log('karate.env system property was:', env);
04:   if (!env) {
05:     env = 'dev';
06:   }
07:   var config = {
08: 
09:     apiUrl: 'https://conduit-api.bondaracademy.com/api'
10:   }
11:   if (env == 'dev') {
12:     config.userEmail = 'lucho@test.com'
13:     config.userPassword = 'KarateLucho'
14: 
15:   } else if (env == 'qa') {
16: 
17:     config.userEmail = 'lucho2@test.com'
18:     config.userPassword = 'KarateLucho2'
19:   }
20: 
21:   var accessToken = karate.callSingle('classpath:helpers/CreateToken.feature', config).authToken
22:   karate.configurer('headers', {Authorization: 'Token '+ accessToken})
23:   return config;
24: }
<<<<
org.graalvm.polyglot.PolyglotException: TypeError: invokeMember (configurer) on com.intuit.karate.core.ScenarioBridge failed due to: Unknown identifier: configurer
- <js>.fn(Unnamed:22)

classpath:conduitApp/feature/Articles.feature:4
classpath:conduitApp/feature/Articles.feature:13
classpath:conduitApp/feature/Articles.feature:14
classpath:conduitApp/feature/Articles.feature:26
classpath:conduitApp/feature/Articles.feature:27
classpath:conduitApp/feature/Articles.feature:28
classpath:conduitApp/feature/Articles.feature:29
classpath:conduitApp/feature/Articles.feature:30
classpath:conduitApp/feature/Articles.feature:33
classpath:conduitApp/feature/Articles.feature:34
classpath:conduitApp/feature/Articles.feature:35
classpath:conduitApp/feature/Articles.feature:36
classpath:conduitApp/feature/Articles.feature:37
classpath:conduitApp/feature/Articles.feature:39
classpath:conduitApp/feature/Articles.feature:40
classpath:conduitApp/feature/Articles.feature:41
16:30:14.954 [main] ERROR com.intuit.karate - classpath:conduitApp/feature/Articles.feature:42
Then status 200
>> classpath:conduitApp/feature/Articles.feature:25
>> karate-config.js failed
>> TypeError: invokeMember (configurer) on com.intuit.karate.core.ScenarioBridge failed due to: Unknown identifier: configurer
js failed:
>>>>
01: function fn() {
02:   var env = karate.env; // get system property 'karate.env'
03:   karate.log('karate.env system property was:', env);
04:   if (!env) {
05:     env = 'dev';
06:   }
07:   var config = {
08: 
09:     apiUrl: 'https://conduit-api.bondaracademy.com/api'
10:   }
11:   if (env == 'dev') {
12:     config.userEmail = 'lucho@test.com'
13:     config.userPassword = 'KarateLucho'
14: 
15:   } else if (env == 'qa') {
16: 
17:     config.userEmail = 'lucho2@test.com'
18:     config.userPassword = 'KarateLucho2'
19:   }
20: 
21:   var accessToken = karate.callSingle('classpath:helpers/CreateToken.feature', config).authToken
22:   karate.configurer('headers', {Authorization: 'Token '+ accessToken})
23:   return config;
24: }
<<<<
org.graalvm.polyglot.PolyglotException: TypeError: invokeMember (configurer) on com.intuit.karate.core.ScenarioBridge failed due to: Unknown identifier: configurer
- <js>.fn(Unnamed:22)

classpath:conduitApp/feature/Articles.feature:4
classpath:conduitApp/feature/Articles.feature:13
classpath:conduitApp/feature/Articles.feature:14
classpath:conduitApp/feature/Articles.feature:26
classpath:conduitApp/feature/Articles.feature:27
classpath:conduitApp/feature/Articles.feature:28
classpath:conduitApp/feature/Articles.feature:29
classpath:conduitApp/feature/Articles.feature:30
classpath:conduitApp/feature/Articles.feature:33
classpath:conduitApp/feature/Articles.feature:34
classpath:conduitApp/feature/Articles.feature:35
classpath:conduitApp/feature/Articles.feature:36
classpath:conduitApp/feature/Articles.feature:37
classpath:conduitApp/feature/Articles.feature:39
classpath:conduitApp/feature/Articles.feature:40
classpath:conduitApp/feature/Articles.feature:41
classpath:conduitApp/feature/Articles.feature:42
16:30:14.954 [main] ERROR com.intuit.karate - classpath:conduitApp/feature/Articles.feature:46
Given path 'articles',articleId
>> classpath:conduitApp/feature/Articles.feature:25
>> karate-config.js failed
>> TypeError: invokeMember (configurer) on com.intuit.karate.core.ScenarioBridge failed due to: Unknown identifier: configurer
js failed:
>>>>
01: function fn() {
02:   var env = karate.env; // get system property 'karate.env'
03:   karate.log('karate.env system property was:', env);
04:   if (!env) {
05:     env = 'dev';
06:   }
07:   var config = {
08: 
09:     apiUrl: 'https://conduit-api.bondaracademy.com/api'
10:   }
11:   if (env == 'dev') {
12:     config.userEmail = 'lucho@test.com'
13:     config.userPassword = 'KarateLucho'
14: 
15:   } else if (env == 'qa') {
16: 
17:     config.userEmail = 'lucho2@test.com'
18:     config.userPassword = 'KarateLucho2'
19:   }
20: 
21:   var accessToken = karate.callSingle('classpath:helpers/CreateToken.feature', config).authToken
22:   karate.configurer('headers', {Authorization: 'Token '+ accessToken})
23:   return config;
24: }
<<<<
org.graalvm.polyglot.PolyglotException: TypeError: invokeMember (configurer) on com.intuit.karate.core.ScenarioBridge failed due to: Unknown identifier: configurer
- <js>.fn(Unnamed:22)

classpath:conduitApp/feature/Articles.feature:4
classpath:conduitApp/feature/Articles.feature:13
classpath:conduitApp/feature/Articles.feature:14
classpath:conduitApp/feature/Articles.feature:26
classpath:conduitApp/feature/Articles.feature:27
classpath:conduitApp/feature/Articles.feature:28
classpath:conduitApp/feature/Articles.feature:29
classpath:conduitApp/feature/Articles.feature:30
classpath:conduitApp/feature/Articles.feature:33
classpath:conduitApp/feature/Articles.feature:34
classpath:conduitApp/feature/Articles.feature:35
classpath:conduitApp/feature/Articles.feature:36
classpath:conduitApp/feature/Articles.feature:37
classpath:conduitApp/feature/Articles.feature:39
classpath:conduitApp/feature/Articles.feature:40
classpath:conduitApp/feature/Articles.feature:41
classpath:conduitApp/feature/Articles.feature:42
classpath:conduitApp/feature/Articles.feature:46
16:30:14.959 [main] ERROR com.intuit.karate - classpath:conduitApp/feature/Articles.feature:47
When method Delete
>> classpath:conduitApp/feature/Articles.feature:25
>> karate-config.js failed
>> TypeError: invokeMember (configurer) on com.intuit.karate.core.ScenarioBridge failed due to: Unknown identifier: configurer
js failed:
>>>>
01: function fn() {
02:   var env = karate.env; // get system property 'karate.env'
03:   karate.log('karate.env system property was:', env);
04:   if (!env) {
05:     env = 'dev';
06:   }
07:   var config = {
08: 
09:     apiUrl: 'https://conduit-api.bondaracademy.com/api'
10:   }
11:   if (env == 'dev') {
12:     config.userEmail = 'lucho@test.com'
13:     config.userPassword = 'KarateLucho'
14: 
15:   } else if (env == 'qa') {
16: 
17:     config.userEmail = 'lucho2@test.com'
18:     config.userPassword = 'KarateLucho2'
19:   }
20: 
21:   var accessToken = karate.callSingle('classpath:helpers/CreateToken.feature', config).authToken
22:   karate.configurer('headers', {Authorization: 'Token '+ accessToken})
23:   return config;
24: }
<<<<
org.graalvm.polyglot.PolyglotException: TypeError: invokeMember (configurer) on com.intuit.karate.core.ScenarioBridge failed due to: Unknown identifier: configurer
- <js>.fn(Unnamed:22)

classpath:conduitApp/feature/Articles.feature:4
classpath:conduitApp/feature/Articles.feature:13
classpath:conduitApp/feature/Articles.feature:14
classpath:conduitApp/feature/Articles.feature:26
classpath:conduitApp/feature/Articles.feature:27
classpath:conduitApp/feature/Articles.feature:28
classpath:conduitApp/feature/Articles.feature:29
classpath:conduitApp/feature/Articles.feature:30
classpath:conduitApp/feature/Articles.feature:33
classpath:conduitApp/feature/Articles.feature:34
classpath:conduitApp/feature/Articles.feature:35
classpath:conduitApp/feature/Articles.feature:36
classpath:conduitApp/feature/Articles.feature:37
classpath:conduitApp/feature/Articles.feature:39
classpath:conduitApp/feature/Articles.feature:40
classpath:conduitApp/feature/Articles.feature:41
classpath:conduitApp/feature/Articles.feature:42
classpath:conduitApp/feature/Articles.feature:46
classpath:conduitApp/feature/Articles.feature:47
16:30:14.964 [main] ERROR com.intuit.karate - classpath:conduitApp/feature/Articles.feature:48
Then status 204
>> classpath:conduitApp/feature/Articles.feature:25
>> karate-config.js failed
>> TypeError: invokeMember (configurer) on com.intuit.karate.core.ScenarioBridge failed due to: Unknown identifier: configurer
js failed:
>>>>
01: function fn() {
02:   var env = karate.env; // get system property 'karate.env'
03:   karate.log('karate.env system property was:', env);
04:   if (!env) {
05:     env = 'dev';
06:   }
07:   var config = {
08: 
09:     apiUrl: 'https://conduit-api.bondaracademy.com/api'
10:   }
11:   if (env == 'dev') {
12:     config.userEmail = 'lucho@test.com'
13:     config.userPassword = 'KarateLucho'
14: 
15:   } else if (env == 'qa') {
16: 
17:     config.userEmail = 'lucho2@test.com'
18:     config.userPassword = 'KarateLucho2'
19:   }
20: 
21:   var accessToken = karate.callSingle('classpath:helpers/CreateToken.feature', config).authToken
22:   karate.configurer('headers', {Authorization: 'Token '+ accessToken})
23:   return config;
24: }
<<<<
org.graalvm.polyglot.PolyglotException: TypeError: invokeMember (configurer) on com.intuit.karate.core.ScenarioBridge failed due to: Unknown identifier: configurer
- <js>.fn(Unnamed:22)

classpath:conduitApp/feature/Articles.feature:4
classpath:conduitApp/feature/Articles.feature:13
classpath:conduitApp/feature/Articles.feature:14
classpath:conduitApp/feature/Articles.feature:26
classpath:conduitApp/feature/Articles.feature:27
classpath:conduitApp/feature/Articles.feature:28
classpath:conduitApp/feature/Articles.feature:29
classpath:conduitApp/feature/Articles.feature:30
classpath:conduitApp/feature/Articles.feature:33
classpath:conduitApp/feature/Articles.feature:34
classpath:conduitApp/feature/Articles.feature:35
classpath:conduitApp/feature/Articles.feature:36
classpath:conduitApp/feature/Articles.feature:37
classpath:conduitApp/feature/Articles.feature:39
classpath:conduitApp/feature/Articles.feature:40
classpath:conduitApp/feature/Articles.feature:41
classpath:conduitApp/feature/Articles.feature:42
classpath:conduitApp/feature/Articles.feature:46
classpath:conduitApp/feature/Articles.feature:47
classpath:conduitApp/feature/Articles.feature:48
16:30:14.968 [main] ERROR com.intuit.karate - classpath:conduitApp/feature/Articles.feature:50
Given params {limit: 10, offset: 0}
>> classpath:conduitApp/feature/Articles.feature:25
>> karate-config.js failed
>> TypeError: invokeMember (configurer) on com.intuit.karate.core.ScenarioBridge failed due to: Unknown identifier: configurer
js failed:
>>>>
01: function fn() {
02:   var env = karate.env; // get system property 'karate.env'
03:   karate.log('karate.env system property was:', env);
04:   if (!env) {
05:     env = 'dev';
06:   }
07:   var config = {
08: 
09:     apiUrl: 'https://conduit-api.bondaracademy.com/api'
10:   }
11:   if (env == 'dev') {
12:     config.userEmail = 'lucho@test.com'
13:     config.userPassword = 'KarateLucho'
14: 
15:   } else if (env == 'qa') {
16: 
17:     config.userEmail = 'lucho2@test.com'
18:     config.userPassword = 'KarateLucho2'
19:   }
20: 
21:   var accessToken = karate.callSingle('classpath:helpers/CreateToken.feature', config).authToken
22:   karate.configurer('headers', {Authorization: 'Token '+ accessToken})
23:   return config;
24: }
<<<<
org.graalvm.polyglot.PolyglotException: TypeError: invokeMember (configurer) on com.intuit.karate.core.ScenarioBridge failed due to: Unknown identifier: configurer
- <js>.fn(Unnamed:22)

classpath:conduitApp/feature/Articles.feature:4
classpath:conduitApp/feature/Articles.feature:13
classpath:conduitApp/feature/Articles.feature:14
classpath:conduitApp/feature/Articles.feature:26
classpath:conduitApp/feature/Articles.feature:27
classpath:conduitApp/feature/Articles.feature:28
classpath:conduitApp/feature/Articles.feature:29
classpath:conduitApp/feature/Articles.feature:30
classpath:conduitApp/feature/Articles.feature:33
classpath:conduitApp/feature/Articles.feature:34
classpath:conduitApp/feature/Articles.feature:35
classpath:conduitApp/feature/Articles.feature:36
classpath:conduitApp/feature/Articles.feature:37
classpath:conduitApp/feature/Articles.feature:39
classpath:conduitApp/feature/Articles.feature:40
classpath:conduitApp/feature/Articles.feature:41
classpath:conduitApp/feature/Articles.feature:42
classpath:conduitApp/feature/Articles.feature:46
classpath:conduitApp/feature/Articles.feature:47
classpath:conduitApp/feature/Articles.feature:48
classpath:conduitApp/feature/Articles.feature:50
16:30:14.969 [main] ERROR com.intuit.karate - classpath:conduitApp/feature/Articles.feature:51
Given path 'articles'
>> classpath:conduitApp/feature/Articles.feature:25
>> karate-config.js failed
>> TypeError: invokeMember (configurer) on com.intuit.karate.core.ScenarioBridge failed due to: Unknown identifier: configurer
js failed:
>>>>
01: function fn() {
02:   var env = karate.env; // get system property 'karate.env'
03:   karate.log('karate.env system property was:', env);
04:   if (!env) {
05:     env = 'dev';
06:   }
07:   var config = {
08: 
09:     apiUrl: 'https://conduit-api.bondaracademy.com/api'
10:   }
11:   if (env == 'dev') {
12:     config.userEmail = 'lucho@test.com'
13:     config.userPassword = 'KarateLucho'
14: 
15:   } else if (env == 'qa') {
16: 
17:     config.userEmail = 'lucho2@test.com'
18:     config.userPassword = 'KarateLucho2'
19:   }
20: 
21:   var accessToken = karate.callSingle('classpath:helpers/CreateToken.feature', config).authToken
22:   karate.configurer('headers', {Authorization: 'Token '+ accessToken})
23:   return config;
24: }
<<<<
org.graalvm.polyglot.PolyglotException: TypeError: invokeMember (configurer) on com.intuit.karate.core.ScenarioBridge failed due to: Unknown identifier: configurer
- <js>.fn(Unnamed:22)

classpath:conduitApp/feature/Articles.feature:4
classpath:conduitApp/feature/Articles.feature:13
classpath:conduitApp/feature/Articles.feature:14
classpath:conduitApp/feature/Articles.feature:26
classpath:conduitApp/feature/Articles.feature:27
classpath:conduitApp/feature/Articles.feature:28
classpath:conduitApp/feature/Articles.feature:29
classpath:conduitApp/feature/Articles.feature:30
classpath:conduitApp/feature/Articles.feature:33
classpath:conduitApp/feature/Articles.feature:34
classpath:conduitApp/feature/Articles.feature:35
classpath:conduitApp/feature/Articles.feature:36
classpath:conduitApp/feature/Articles.feature:37
classpath:conduitApp/feature/Articles.feature:39
classpath:conduitApp/feature/Articles.feature:40
classpath:conduitApp/feature/Articles.feature:41
classpath:conduitApp/feature/Articles.feature:42
classpath:conduitApp/feature/Articles.feature:46
classpath:conduitApp/feature/Articles.feature:47
classpath:conduitApp/feature/Articles.feature:48
classpath:conduitApp/feature/Articles.feature:50
classpath:conduitApp/feature/Articles.feature:51
16:30:14.970 [main] ERROR com.intuit.karate - classpath:conduitApp/feature/Articles.feature:52
When method Get
>> classpath:conduitApp/feature/Articles.feature:25
>> karate-config.js failed
>> TypeError: invokeMember (configurer) on com.intuit.karate.core.ScenarioBridge failed due to: Unknown identifier: configurer
js failed:
>>>>
01: function fn() {
02:   var env = karate.env; // get system property 'karate.env'
03:   karate.log('karate.env system property was:', env);
04:   if (!env) {
05:     env = 'dev';
06:   }
07:   var config = {
08: 
09:     apiUrl: 'https://conduit-api.bondaracademy.com/api'
10:   }
11:   if (env == 'dev') {
12:     config.userEmail = 'lucho@test.com'
13:     config.userPassword = 'KarateLucho'
14: 
15:   } else if (env == 'qa') {
16: 
17:     config.userEmail = 'lucho2@test.com'
18:     config.userPassword = 'KarateLucho2'
19:   }
20: 
21:   var accessToken = karate.callSingle('classpath:helpers/CreateToken.feature', config).authToken
22:   karate.configurer('headers', {Authorization: 'Token '+ accessToken})
23:   return config;
24: }
<<<<
org.graalvm.polyglot.PolyglotException: TypeError: invokeMember (configurer) on com.intuit.karate.core.ScenarioBridge failed due to: Unknown identifier: configurer
- <js>.fn(Unnamed:22)

classpath:conduitApp/feature/Articles.feature:4
classpath:conduitApp/feature/Articles.feature:13
classpath:conduitApp/feature/Articles.feature:14
classpath:conduitApp/feature/Articles.feature:26
classpath:conduitApp/feature/Articles.feature:27
classpath:conduitApp/feature/Articles.feature:28
classpath:conduitApp/feature/Articles.feature:29
classpath:conduitApp/feature/Articles.feature:30
classpath:conduitApp/feature/Articles.feature:33
classpath:conduitApp/feature/Articles.feature:34
classpath:conduitApp/feature/Articles.feature:35
classpath:conduitApp/feature/Articles.feature:36
classpath:conduitApp/feature/Articles.feature:37
classpath:conduitApp/feature/Articles.feature:39
classpath:conduitApp/feature/Articles.feature:40
classpath:conduitApp/feature/Articles.feature:41
classpath:conduitApp/feature/Articles.feature:42
classpath:conduitApp/feature/Articles.feature:46
classpath:conduitApp/feature/Articles.feature:47
classpath:conduitApp/feature/Articles.feature:48
classpath:conduitApp/feature/Articles.feature:50
classpath:conduitApp/feature/Articles.feature:51
classpath:conduitApp/feature/Articles.feature:52
16:30:14.971 [main] ERROR com.intuit.karate - classpath:conduitApp/feature/Articles.feature:53
Then status 200
>> classpath:conduitApp/feature/Articles.feature:25
>> karate-config.js failed
>> TypeError: invokeMember (configurer) on com.intuit.karate.core.ScenarioBridge failed due to: Unknown identifier: configurer
js failed:
>>>>
01: function fn() {
02:   var env = karate.env; // get system property 'karate.env'
03:   karate.log('karate.env system property was:', env);
04:   if (!env) {
05:     env = 'dev';
06:   }
07:   var config = {
08: 
09:     apiUrl: 'https://conduit-api.bondaracademy.com/api'
10:   }
11:   if (env == 'dev') {
12:     config.userEmail = 'lucho@test.com'
13:     config.userPassword = 'KarateLucho'
14: 
15:   } else if (env == 'qa') {
16: 
17:     config.userEmail = 'lucho2@test.com'
18:     config.userPassword = 'KarateLucho2'
19:   }
20: 
21:   var accessToken = karate.callSingle('classpath:helpers/CreateToken.feature', config).authToken
22:   karate.configurer('headers', {Authorization: 'Token '+ accessToken})
23:   return config;
24: }
<<<<
org.graalvm.polyglot.PolyglotException: TypeError: invokeMember (configurer) on com.intuit.karate.core.ScenarioBridge failed due to: Unknown identifier: configurer
- <js>.fn(Unnamed:22)

classpath:conduitApp/feature/Articles.feature:4
classpath:conduitApp/feature/Articles.feature:13
classpath:conduitApp/feature/Articles.feature:14
classpath:conduitApp/feature/Articles.feature:26
classpath:conduitApp/feature/Articles.feature:27
classpath:conduitApp/feature/Articles.feature:28
classpath:conduitApp/feature/Articles.feature:29
classpath:conduitApp/feature/Articles.feature:30
classpath:conduitApp/feature/Articles.feature:33
classpath:conduitApp/feature/Articles.feature:34
classpath:conduitApp/feature/Articles.feature:35
classpath:conduitApp/feature/Articles.feature:36
classpath:conduitApp/feature/Articles.feature:37
classpath:conduitApp/feature/Articles.feature:39
classpath:conduitApp/feature/Articles.feature:40
classpath:conduitApp/feature/Articles.feature:41
classpath:conduitApp/feature/Articles.feature:42
classpath:conduitApp/feature/Articles.feature:46
classpath:conduitApp/feature/Articles.feature:47
classpath:conduitApp/feature/Articles.feature:48
classpath:conduitApp/feature/Articles.feature:50
classpath:conduitApp/feature/Articles.feature:51
classpath:conduitApp/feature/Articles.feature:52
classpath:conduitApp/feature/Articles.feature:53
16:30:14.971 [main] ERROR com.intuit.karate - classpath:conduitApp/feature/Articles.feature:54
And match response.articles[0].title != 'Delete Article'
>> classpath:conduitApp/feature/Articles.feature:25
>> karate-config.js failed
>> TypeError: invokeMember (configurer) on com.intuit.karate.core.ScenarioBridge failed due to: Unknown identifier: configurer
js failed:
>>>>
01: function fn() {
02:   var env = karate.env; // get system property 'karate.env'
03:   karate.log('karate.env system property was:', env);
04:   if (!env) {
05:     env = 'dev';
06:   }
07:   var config = {
08: 
09:     apiUrl: 'https://conduit-api.bondaracademy.com/api'
10:   }
11:   if (env == 'dev') {
12:     config.userEmail = 'lucho@test.com'
13:     config.userPassword = 'KarateLucho'
14: 
15:   } else if (env == 'qa') {
16: 
17:     config.userEmail = 'lucho2@test.com'
18:     config.userPassword = 'KarateLucho2'
19:   }
20: 
21:   var accessToken = karate.callSingle('classpath:helpers/CreateToken.feature', config).authToken
22:   karate.configurer('headers', {Authorization: 'Token '+ accessToken})
23:   return config;
24: }
<<<<
org.graalvm.polyglot.PolyglotException: TypeError: invokeMember (configurer) on com.intuit.karate.core.ScenarioBridge failed due to: Unknown identifier: configurer
- <js>.fn(Unnamed:22)

classpath:conduitApp/feature/Articles.feature:4
classpath:conduitApp/feature/Articles.feature:13
classpath:conduitApp/feature/Articles.feature:14
classpath:conduitApp/feature/Articles.feature:26
classpath:conduitApp/feature/Articles.feature:27
classpath:conduitApp/feature/Articles.feature:28
classpath:conduitApp/feature/Articles.feature:29
classpath:conduitApp/feature/Articles.feature:30
classpath:conduitApp/feature/Articles.feature:33
classpath:conduitApp/feature/Articles.feature:34
classpath:conduitApp/feature/Articles.feature:35
classpath:conduitApp/feature/Articles.feature:36
classpath:conduitApp/feature/Articles.feature:37
classpath:conduitApp/feature/Articles.feature:39
classpath:conduitApp/feature/Articles.feature:40
classpath:conduitApp/feature/Articles.feature:41
classpath:conduitApp/feature/Articles.feature:42
classpath:conduitApp/feature/Articles.feature:46
classpath:conduitApp/feature/Articles.feature:47
classpath:conduitApp/feature/Articles.feature:48
classpath:conduitApp/feature/Articles.feature:50
classpath:conduitApp/feature/Articles.feature:51
classpath:conduitApp/feature/Articles.feature:52
classpath:conduitApp/feature/Articles.feature:53
classpath:conduitApp/feature/Articles.feature:54
---------------------------------------------------------
feature: classpath:conduitApp/feature/Articles.feature
scenarios:  1 | passed:  0 | failed:  1 | time: 0,0000
---------------------------------------------------------

]]></system-out>
  </testcase>
</testsuite>